cat: ss: No such file or directory
cat: '2>': No such file or directory
Traceback (most recent call last):
  File "<frozen runpy>", line 198, in _run_module_as_main
  File "<frozen runpy>", line 88, in _run_code
  File "/home/razvan/codecrafters-shell-python/app/main.py", line 151, in <module>
    main()
    ~~~~^^
  File "/home/razvan/codecrafters-shell-python/app/main.py", line 89, in main
    if not handle_builtin_command(cmd, args) and not handle_external_command(
                                                     ~~~~~~~~~~~~~~~~~~~~~~~^
        cmd, args
        ^^^^^^^^^
    ):
    ^
  File "/home/razvan/codecrafters-shell-python/app/main.py", line 139, in handle_external_command
    bc.shell_exec(cmd_abs_path, [cmd] + args)  # args[0] is cmd name
    ~~~~~~~~~~~~~^^^^^^^^^^^^^^^^^^^^^^^^^^^^
  File "/home/razvan/codecrafters-shell-python/app/builtin_commands.py", line 92, in shell_exec
    os.waitpid(pid, 0)
    ~~~~~~~~~~^^^^^^^^
KeyboardInterrupt
